{"level":50,"time":"23/02/2025, 19.21.20","pid":8680,"hostname":"raka","msg":"/pages/api/products/index: SyntaxError: \"undefined\" is not valid JSON"}
{"level":50,"time":"23/02/2025, 19.23.15","pid":8680,"hostname":"raka","msg":"/pages/api/products/index: SyntaxError: \"undefined\" is not valid JSON"}
{"level":50,"time":"23/02/2025, 19.23.39","pid":8680,"hostname":"raka","msg":"/pages/api/products/index: SyntaxError: \"undefined\" is not valid JSON"}
{"level":50,"time":"23/02/2025, 19.23.51","pid":8680,"hostname":"raka","msg":"/pages/api/products/index: SyntaxError: \"undefined\" is not valid JSON"}
{"level":50,"time":"25/02/2025, 10.58.42","pid":10964,"hostname":"raka","msg":"/services/product@index: AxiosError: Request failed with status code 401"}
{"level":50,"time":"25/02/2025, 10.58.42","pid":10964,"hostname":"raka","msg":"/pages/products/index@get: undefined"}
{"level":50,"time":"25/02/2025, 12.18.32","pid":10964,"hostname":"raka","msg":"/services/product@index: AxiosError: Request failed with status code 401"}
{"level":50,"time":"25/02/2025, 12.18.32","pid":10964,"hostname":"raka","msg":"/pages/products/index@get: undefined"}
{"level":50,"time":"25/02/2025, 12.18.36","pid":10964,"hostname":"raka","msg":"/services/product@index: AxiosError: Request failed with status code 401"}
{"level":50,"time":"25/02/2025, 12.18.36","pid":10964,"hostname":"raka","msg":"/pages/products/index@get: undefined"}
{"level":50,"time":"25/02/2025, 12.18.44","pid":10964,"hostname":"raka","msg":"/services/product@index: AxiosError: Request failed with status code 401"}
{"level":50,"time":"25/02/2025, 12.18.44","pid":10964,"hostname":"raka","msg":"/pages/products/index@get: undefined"}
{"level":50,"time":"25/02/2025, 12.21.46","pid":10964,"hostname":"raka","msg":"/services/product@index: AxiosError: Request failed with status code 401"}
{"level":50,"time":"25/02/2025, 12.21.46","pid":10964,"hostname":"raka","msg":"/pages/products/index@get: undefined"}
{"level":50,"time":"25/02/2025, 12.26.06","pid":10964,"hostname":"raka","msg":"/services/product@index: AxiosError: Request failed with status code 401"}
{"level":50,"time":"25/02/2025, 12.26.06","pid":10964,"hostname":"raka","msg":"/pages/products/index@get: undefined"}
{"level":50,"time":"25/02/2025, 12.26.10","pid":10964,"hostname":"raka","msg":"/services/product@index: AxiosError: Request failed with status code 401"}
{"level":50,"time":"25/02/2025, 12.26.10","pid":10964,"hostname":"raka","msg":"/pages/products/index@get: undefined"}
{"level":50,"time":"25/02/2025, 12.26.16","pid":10964,"hostname":"raka","msg":"/services/product@index: AxiosError: Request failed with status code 401"}
{"level":50,"time":"25/02/2025, 12.26.16","pid":10964,"hostname":"raka","msg":"/pages/products/index@get: undefined"}
{"level":50,"time":"25/02/2025, 12.26.41","pid":10964,"hostname":"raka","msg":"/services/product@index: AxiosError: Request failed with status code 401"}
{"level":50,"time":"25/02/2025, 12.26.41","pid":10964,"hostname":"raka","msg":"/pages/products/index@get: undefined"}
{"level":50,"time":"25/02/2025, 12.26.49","pid":10964,"hostname":"raka","msg":"/services/product@index: AxiosError: Request failed with status code 401"}
{"level":50,"time":"25/02/2025, 12.26.49","pid":10964,"hostname":"raka","msg":"/pages/products/index@get: undefined"}
{"level":50,"time":"25/02/2025, 12.32.22","pid":10964,"hostname":"raka","msg":"/services/product@index: AxiosError: Request failed with status code 401"}
{"level":50,"time":"25/02/2025, 12.32.22","pid":10964,"hostname":"raka","msg":"/pages/products/index@get: undefined"}
{"level":50,"time":"25/02/2025, 12.35.05","pid":10964,"hostname":"raka","msg":"/services/product@index: AxiosError: Request failed with status code 401"}
{"level":50,"time":"25/02/2025, 12.35.05","pid":10964,"hostname":"raka","msg":"/pages/products/index@get: undefined"}
{"level":50,"time":"25/02/2025, 12.35.13","pid":10964,"hostname":"raka","msg":"/services/product@index: AxiosError: Request failed with status code 401"}
{"level":50,"time":"25/02/2025, 12.35.13","pid":10964,"hostname":"raka","msg":"/pages/products/index@get: undefined"}
{"level":50,"time":"25/02/2025, 12.35.40","pid":10964,"hostname":"raka","msg":"/services/product@index: AxiosError: Request failed with status code 401"}
{"level":50,"time":"25/02/2025, 12.35.40","pid":10964,"hostname":"raka","msg":"/pages/products/index@get: undefined"}
{"level":50,"time":"25/02/2025, 12.35.45","pid":10964,"hostname":"raka","msg":"/services/product@index: AxiosError: Request failed with status code 401"}
{"level":50,"time":"25/02/2025, 12.35.45","pid":10964,"hostname":"raka","msg":"/pages/products/index@get: undefined"}
{"level":50,"time":"25/02/2025, 12.36.18","pid":10964,"hostname":"raka","msg":"/services/product@index: AxiosError: Request failed with status code 401"}
{"level":50,"time":"25/02/2025, 12.36.18","pid":10964,"hostname":"raka","msg":"/pages/products/index@get: undefined"}
{"level":50,"time":"25/02/2025, 12.36.56","pid":10964,"hostname":"raka","msg":"/services/product@index: AxiosError: Request failed with status code 401"}
{"level":50,"time":"25/02/2025, 12.36.56","pid":10964,"hostname":"raka","msg":"/pages/products/index@get: undefined"}
{"level":50,"time":"25/02/2025, 12.36.58","pid":10964,"hostname":"raka","msg":"/services/product@index: AxiosError: Request failed with status code 401"}
{"level":50,"time":"25/02/2025, 12.36.58","pid":10964,"hostname":"raka","msg":"/pages/products/index@get: undefined"}
{"level":50,"time":"25/02/2025, 12.37.18","pid":10964,"hostname":"raka","msg":"/services/product@index: AxiosError: Request failed with status code 401"}
{"level":50,"time":"25/02/2025, 12.37.18","pid":10964,"hostname":"raka","msg":"/pages/products/index@get: undefined"}
{"level":50,"time":"25/02/2025, 12.37.20","pid":10964,"hostname":"raka","msg":"/services/product@index: AxiosError: Request failed with status code 401"}
{"level":50,"time":"25/02/2025, 12.37.20","pid":10964,"hostname":"raka","msg":"/pages/products/index@get: undefined"}
{"level":50,"time":"25/02/2025, 12.42.02","pid":10964,"hostname":"raka","msg":"/services/product@index: AxiosError: Request failed with status code 401"}
{"level":50,"time":"25/02/2025, 12.42.02","pid":10964,"hostname":"raka","msg":"/pages/products/index@get: undefined"}
{"level":50,"time":"25/02/2025, 12.42.04","pid":10964,"hostname":"raka","msg":"/services/product@index: AxiosError: Request failed with status code 401"}
{"level":50,"time":"25/02/2025, 12.42.04","pid":10964,"hostname":"raka","msg":"/pages/products/index@get: undefined"}
{"level":50,"time":"03/03/2025, 11.13.40","pid":7204,"hostname":"raka","msg":"/services/product@index: AxiosError: Request failed with status code 401"}
{"level":50,"time":"03/03/2025, 11.13.40","pid":7204,"hostname":"raka","msg":"/pages/products/index@get: undefined"}
{"level":50,"time":"03/03/2025, 11.13.55","pid":7204,"hostname":"raka","msg":"/services/product@index: AxiosError: Request failed with status code 401"}
{"level":50,"time":"03/03/2025, 11.13.55","pid":7204,"hostname":"raka","msg":"/pages/products/index@get: undefined"}
{"level":50,"time":"03/03/2025, 11.13.57","pid":7204,"hostname":"raka","msg":"/services/product@index: AxiosError: Request failed with status code 401"}
{"level":50,"time":"03/03/2025, 11.13.57","pid":7204,"hostname":"raka","msg":"/pages/products/index@get: undefined"}
{"level":50,"time":"03/03/2025, 11.14.19","pid":7204,"hostname":"raka","msg":"/services/product@index: AxiosError: Request failed with status code 401"}
{"level":50,"time":"03/03/2025, 11.14.19","pid":7204,"hostname":"raka","msg":"/pages/products/index@get: undefined"}
{"level":50,"time":"03/03/2025, 11.14.58","pid":7204,"hostname":"raka","msg":"/services/product@index: AxiosError: Request failed with status code 401"}
{"level":50,"time":"03/03/2025, 11.14.58","pid":7204,"hostname":"raka","msg":"/pages/products/index@get: undefined"}
{"level":50,"time":"03/03/2025, 11.15.00","pid":7204,"hostname":"raka","msg":"/services/product@index: AxiosError: Request failed with status code 401"}
{"level":50,"time":"03/03/2025, 11.15.00","pid":7204,"hostname":"raka","msg":"/pages/products/index@get: undefined"}
{"level":50,"time":"03/03/2025, 11.15.03","pid":7204,"hostname":"raka","msg":"/pages/products/index@get: Invalid URL"}
{"level":50,"time":"03/03/2025, 11.15.05","pid":7204,"hostname":"raka","msg":"/pages/products/index@get: Invalid URL"}
{"level":50,"time":"03/03/2025, 11.15.18","pid":7204,"hostname":"raka","msg":"/pages/products/index@get: Invalid URL"}
{"level":50,"time":"03/03/2025, 11.15.22","pid":7204,"hostname":"raka","msg":"/services/product@index: AxiosError: Request failed with status code 401"}
{"level":50,"time":"03/03/2025, 11.15.22","pid":7204,"hostname":"raka","msg":"/pages/products/index@get: undefined"}
{"level":50,"time":"03/03/2025, 11.16.41","pid":7204,"hostname":"raka","msg":"/services/product@index: AxiosError: Request failed with status code 401"}
{"level":50,"time":"03/03/2025, 11.16.41","pid":7204,"hostname":"raka","msg":"/pages/products/index@get: undefined"}
{"level":50,"time":"03/03/2025, 11.19.58","pid":7204,"hostname":"raka","msg":"/pages/products/index@get: getServerSession is not defined"}
{"level":50,"time":"03/03/2025, 11.20.01","pid":7204,"hostname":"raka","msg":"/pages/products/index@get: getServerSession is not defined"}
{"level":50,"time":"03/03/2025, 11.20.09","pid":7204,"hostname":"raka","msg":"/pages/products/index@get: context is not defined"}
{"level":50,"time":"03/03/2025, 11.20.21","pid":7204,"hostname":"raka","msg":"/pages/products/index@get: authOptions is not defined"}
{"level":50,"time":"03/03/2025, 11.20.33","pid":7204,"hostname":"raka","msg":"/pages/products/index@get: authOptions is not defined"}
{"level":50,"time":"03/03/2025, 11.21.00","pid":7204,"hostname":"raka","msg":"/services/product@index: AxiosError: Request failed with status code 401"}
{"level":50,"time":"03/03/2025, 11.21.00","pid":7204,"hostname":"raka","msg":"/pages/products/index@get: undefined"}
{"level":50,"time":"03/03/2025, 11.21.51","pid":7204,"hostname":"raka","msg":"/services/product@index: AxiosError: Request failed with status code 401"}
{"level":50,"time":"03/03/2025, 11.21.51","pid":7204,"hostname":"raka","msg":"/pages/products/index@get: undefined"}
{"level":50,"time":"03/03/2025, 11.22.03","pid":7204,"hostname":"raka","msg":"/services/product@index: AxiosError: Request failed with status code 401"}
{"level":50,"time":"03/03/2025, 11.22.03","pid":7204,"hostname":"raka","msg":"/pages/products/index@get: undefined"}
{"level":50,"time":"03/03/2025, 11.22.07","pid":7204,"hostname":"raka","msg":"/services/product@index: AxiosError: Request failed with status code 401"}
{"level":50,"time":"03/03/2025, 11.22.07","pid":7204,"hostname":"raka","msg":"/pages/products/index@get: undefined"}
{"level":50,"time":"03/03/2025, 11.22.11","pid":7204,"hostname":"raka","msg":"/services/product@index: AxiosError: Request failed with status code 401"}
{"level":50,"time":"03/03/2025, 11.22.11","pid":7204,"hostname":"raka","msg":"/pages/products/index@get: undefined"}
{"level":50,"time":"03/03/2025, 11.22.19","pid":7204,"hostname":"raka","msg":"/services/product@index: AxiosError: Request failed with status code 401"}
{"level":50,"time":"03/03/2025, 11.22.19","pid":7204,"hostname":"raka","msg":"/pages/products/index@get: undefined"}
{"level":50,"time":"03/03/2025, 11.23.23","pid":7204,"hostname":"raka","msg":"/services/product@index: AxiosError: Request failed with status code 401"}
{"level":50,"time":"03/03/2025, 11.23.23","pid":7204,"hostname":"raka","msg":"/pages/products/index@get: undefined"}
{"level":50,"time":"03/03/2025, 11.23.34","pid":7204,"hostname":"raka","msg":"/pages/products/index@get: awa is not defined"}
{"level":50,"time":"03/03/2025, 11.23.37","pid":7204,"hostname":"raka","msg":"/pages/products/index@get: isAdminRequest is not defined"}
{"level":50,"time":"03/03/2025, 11.23.44","pid":7204,"hostname":"raka","msg":"/pages/products/index@get: isAdminRequest is not defined"}
{"level":50,"time":"03/03/2025, 11.23.48","pid":7204,"hostname":"raka","msg":"/services/product@index: AxiosError: Request failed with status code 401"}
{"level":50,"time":"03/03/2025, 11.23.48","pid":7204,"hostname":"raka","msg":"/pages/products/index@get: undefined"}
{"level":50,"time":"03/03/2025, 11.23.50","pid":7204,"hostname":"raka","msg":"/pages/products/index@get: authOptions is not defined"}
{"level":50,"time":"03/03/2025, 11.23.54","pid":7204,"hostname":"raka","msg":"/services/product@index: AxiosError: Request failed with status code 401"}
{"level":50,"time":"03/03/2025, 11.23.54","pid":7204,"hostname":"raka","msg":"/pages/products/index@get: undefined"}
{"level":50,"time":"03/03/2025, 11.24.44","pid":7204,"hostname":"raka","msg":"/services/product@index: AxiosError: Request failed with status code 402"}
{"level":50,"time":"03/03/2025, 11.24.44","pid":7204,"hostname":"raka","msg":"/pages/products/index@get: undefined"}
{"level":50,"time":"03/03/2025, 11.24.48","pid":7204,"hostname":"raka","msg":"/services/product@index: AxiosError: Request failed with status code 401"}
{"level":50,"time":"03/03/2025, 11.24.48","pid":7204,"hostname":"raka","msg":"/pages/products/index@get: undefined"}
{"level":50,"time":"03/03/2025, 11.26.16","pid":7204,"hostname":"raka","msg":"/services/product@index: AxiosError: Request failed with status code 401"}
{"level":50,"time":"03/03/2025, 11.26.16","pid":7204,"hostname":"raka","msg":"/pages/products/index@get: undefined"}
{"level":50,"time":"03/03/2025, 11.27.04","pid":7204,"hostname":"raka","msg":"/pages/products/index@get: fa is not defined"}
{"level":50,"time":"03/03/2025, 11.27.05","pid":7204,"hostname":"raka","msg":"/services/product@index: AxiosError: Request failed with status code 401"}
{"level":50,"time":"03/03/2025, 11.27.05","pid":7204,"hostname":"raka","msg":"/pages/products/index@get: undefined"}
{"level":50,"time":"03/03/2025, 11.28.29","pid":7204,"hostname":"raka","msg":"/pages/products/index@get: Invalid URL"}
